<?xml version="1.0" encoding="UTF-8"?>
<testsuite name="com.project.vehicle_rental_system.CustomerServiceTest" tests="9" skipped="0" failures="0" errors="0" timestamp="2024-03-14T10:04:39" hostname="WGC10075Q29Y3" time="0.897">
  <properties/>
  <testcase name="Positive Customer account login" classname="com.project.vehicle_rental_system.CustomerServiceTest" time="0.841"/>
  <testcase name="Incorrect email for login" classname="com.project.vehicle_rental_system.CustomerServiceTest" time="0.012"/>
  <testcase name="Invalid Email Format" classname="com.project.vehicle_rental_system.CustomerServiceTest" time="0.006"/>
  <testcase name="Login without registering" classname="com.project.vehicle_rental_system.CustomerServiceTest" time="0.003"/>
  <testcase name="Incorrect Registering Format" classname="com.project.vehicle_rental_system.CustomerServiceTest" time="0.006"/>
  <testcase name="Registering a duplicate user" classname="com.project.vehicle_rental_system.CustomerServiceTest" time="0.004"/>
  <testcase name="Invalid password Login" classname="com.project.vehicle_rental_system.CustomerServiceTest" time="0.004"/>
  <testcase name="Negative scenario Validation" classname="com.project.vehicle_rental_system.CustomerServiceTest" time="0.004"/>
  <testcase name="Positive Customer account creation" classname="com.project.vehicle_rental_system.CustomerServiceTest" time="0.009"/>
  <system-out><![CDATA[15:34:34.224 [Test worker] INFO org.springframework.test.context.support.AnnotationConfigContextLoaderUtils -- Could not detect default configuration classes for test class [com.project.vehicle_rental_system.CustomerServiceTest]: CustomerServiceTest does not declare any static, non-private, non-final, nested classes annotated with @Configuration.
15:34:34.352 [Test worker] INFO org.springframework.boot.test.context.SpringBootTestContextBootstrapper -- Found @SpringBootConfiguration com.project.vehicle_rental_system.VehicleRentalSystemApplication for test class com.project.vehicle_rental_system.CustomerServiceTest

  .   ____          _            __ _ _
 /\\ / ___'_ __ _ _(_)_ __  __ _ \ \ \ \
( ( )\___ | '_ | '_| | '_ \/ _` | \ \ \ \
 \\/  ___)| |_)| | | | | || (_| |  ) ) ) )
  '  |____| .__|_| |_|_| |_\__, | / / / /
 =========|_|==============|___/=/_/_/_/
 :: Spring Boot ::                (v3.2.2)

2024-03-14T15:34:34.681+05:30  INFO 19188 --- [    Test worker] c.p.v.CustomerServiceTest                : Starting CustomerServiceTest using Java 17.0.10 with PID 19188 (started by NPERIAS1 in C:\Users\NPERIAS1\finalproj\vehicle-rental-system\vehicle_rental_system)
2024-03-14T15:34:34.682+05:30  INFO 19188 --- [    Test worker] c.p.v.CustomerServiceTest                : No active profile set, falling back to 1 default profile: "default"
2024-03-14T15:34:35.427+05:30  INFO 19188 --- [    Test worker] .s.d.r.c.RepositoryConfigurationDelegate : Bootstrapping Spring Data JPA repositories in DEFAULT mode.
2024-03-14T15:34:35.477+05:30  INFO 19188 --- [    Test worker] .s.d.r.c.RepositoryConfigurationDelegate : Finished Spring Data repository scanning in 45 ms. Found 8 JPA repository interfaces.
2024-03-14T15:34:35.919+05:30  INFO 19188 --- [    Test worker] o.hibernate.jpa.internal.util.LogHelper  : HHH000204: Processing PersistenceUnitInfo [name: default]
2024-03-14T15:34:35.981+05:30  INFO 19188 --- [    Test worker] org.hibernate.Version                    : HHH000412: Hibernate ORM core version 6.4.1.Final
2024-03-14T15:34:36.014+05:30  INFO 19188 --- [    Test worker] o.h.c.internal.RegionFactoryInitiator    : HHH000026: Second-level cache disabled
2024-03-14T15:34:36.257+05:30  INFO 19188 --- [    Test worker] o.s.o.j.p.SpringPersistenceUnitInfo      : No LoadTimeWeaver setup: ignoring JPA class transformer
2024-03-14T15:34:36.281+05:30  INFO 19188 --- [    Test worker] com.zaxxer.hikari.HikariDataSource       : HikariPool-1 - Starting...
2024-03-14T15:34:36.443+05:30  INFO 19188 --- [    Test worker] com.zaxxer.hikari.pool.HikariPool        : HikariPool-1 - Added connection conn0: url=jdbc:h2:C:/data/path user=SA
2024-03-14T15:34:36.444+05:30  INFO 19188 --- [    Test worker] com.zaxxer.hikari.HikariDataSource       : HikariPool-1 - Start completed.
2024-03-14T15:34:36.462+05:30  WARN 19188 --- [    Test worker] org.hibernate.orm.deprecation            : HHH90000025: H2Dialect does not need to be specified explicitly using 'hibernate.dialect' (remove the property setting and it will be selected by default)
2024-03-14T15:34:37.254+05:30  INFO 19188 --- [    Test worker] o.h.e.t.j.p.i.JtaPlatformInitiator       : HHH000489: No JTA platform available (set 'hibernate.transaction.jta.platform' to enable JTA platform integration)
2024-03-14T15:34:37.290+05:30  INFO 19188 --- [    Test worker] j.LocalContainerEntityManagerFactoryBean : Initialized JPA EntityManagerFactory for persistence unit 'default'
2024-03-14T15:34:38.040+05:30  WARN 19188 --- [    Test worker] JpaBaseConfiguration$JpaWebConfiguration : spring.jpa.open-in-view is enabled by default. Therefore, database queries may be performed during view rendering. Explicitly configure spring.jpa.open-in-view to disable this warning
2024-03-14T15:34:39.065+05:30  INFO 19188 --- [    Test worker] o.s.b.a.h2.H2ConsoleAutoConfiguration    : H2 console available at '/h2-console'. Database available at 'jdbc:h2:C:/data/path'
2024-03-14T15:34:39.156+05:30  INFO 19188 --- [    Test worker] c.p.v.CustomerServiceTest                : Started CustomerServiceTest in 4.641 seconds (process running for 5.689)
]]></system-out>
  <system-err><![CDATA[]]></system-err>
</testsuite>
